<?xml version="1.0" encoding="UTF-8"?>
<testsuite xmlns:xsi="http://www.w3.org/2001/XMLSchema-instance" xsi:noNamespaceSchemaLocation="https://maven.apache.org/surefire/maven-surefire-plugin/xsd/surefire-test-report.xsd" name="service.AnuncioServiceTest" time="0.121" tests="17" errors="0" skipped="0" failures="0">
  <properties>
[...]
</properties>
  <testcase name="given_AdvertisementWithOffensiveWords_when_VerificarContenidoOfensivo_then_RetornaTrue{String, String, String, String}[1]" classname="service.AnuncioServiceTest" time="0.042"/>
  <testcase name="given_AdvertisementWithOffensiveWords_when_VerificarContenidoOfensivo_then_RetornaTrue{String, String, String, String}[2]" classname="service.AnuncioServiceTest" time="0.001"/>
  <testcase name="given_AdvertisementWithOffensiveWords_when_VerificarContenidoOfensivo_then_RetornaTrue{String, String, String, String}[3]" classname="service.AnuncioServiceTest" time="0.002"/>
  <testcase name="given_AdvertisementWithOffensiveWords_when_VerificarContenidoOfensivo_then_RetornaTrue{String, String, String, String}[4]" classname="service.AnuncioServiceTest" time="0.001"/>
  <testcase name="given_AdvertisementWithValidOrInvalidContent_when_VerificarContenidoMax200_thenReturnsTrueOrFalse{String, String, String, String}[1]" classname="service.AnuncioServiceTest" time="0.001"/>
  <testcase name="given_AdvertisementWithValidOrInvalidContent_when_VerificarContenidoMax200_thenReturnsTrueOrFalse{String, String, String, String}[2]" classname="service.AnuncioServiceTest" time="0.001"/>
  <testcase name="given_AdvertisementWithValidOrInvalidContent_when_VerificarContenidoMax200_thenReturnsTrueOrFalse{String, String, String, String}[3]" classname="service.AnuncioServiceTest" time="0"/>
  <testcase name="given_AdvertisementWithValidOrInvalidContent_when_VerificarContenidoMax200_thenReturnsTrueOrFalse{String, String, String, String}[4]" classname="service.AnuncioServiceTest" time="0"/>
  <testcase name="given_AdvertisementWithValidOrInvalidContent_when_VerificarContenidoMax200_thenReturnsTrueOrFalse{String, String, String, String}[5]" classname="service.AnuncioServiceTest" time="0.002"/>
  <testcase name="given_AdvertisementWithValidOrInvalidContent_when_VerificarContenidoMax200_thenReturnsTrueOrFalse{String, String, String, String}[6]" classname="service.AnuncioServiceTest" time="0.001"/>
  <testcase name="given_AdvertisementWithValidOrInvalidContent_when_VerificarContenidoMax200_thenReturnsTrueOrFalse{String, String, String, String}[7]" classname="service.AnuncioServiceTest" time="0.001"/>
  <testcase name="given_AnunciosListAndEmptyName_when_FilteringByNombre_then_ReturnsAllAnuncios" classname="service.AnuncioServiceTest" time="0.002"/>
  <testcase name="given_AnunciosListAndNonExistingName_when_FilteringByNombre_then_ReturnsEmptyList" classname="service.AnuncioServiceTest" time="0.002"/>
  <testcase name="given_NombreWithDifferentCase_when_FiltrarAnunciosPorNombre_then_ReturnsMatchingAnuncios" classname="service.AnuncioServiceTest" time="0.002"/>
  <testcase name="given_AnunciosListAndNullName_when_FilteringByNombre_then_ReturnsAllAnuncios" classname="service.AnuncioServiceTest" time="0.001"/>
  <testcase name="given_AnunciosListAndMatchingName_when_FilteringByNombre_then_ReturnsMatchingAnuncios" classname="service.AnuncioServiceTest" time="0.001"/>
  <testcase name="given_ValidDetails_when_CreatingAnuncio_then_AnuncioIsCreatedSuccessfully" classname="service.AnuncioServiceTest" time="0.001"/>
</testsuite>