<?xml version="1.0" encoding="UTF-8"?>
<testsuite xmlns:xsi="http://www.w3.org/2001/XMLSchema-instance" xsi:noNamespaceSchemaLocation="https://maven.apache.org/surefire/maven-surefire-plugin/xsd/surefire-test-report.xsd" name="ec.epn.edu.gr05_1bt3_622_24a.servlets.AnuncioSvTest" time="0.487" tests="2" errors="0" skipped="0" failures="0">
  <properties>
[...]
</properties>
  <testcase name="givenValidParameters_whenDoPost_thenAnuncioIsCreatedAndRedirected" classname="ec.epn.edu.gr05_1bt3_622_24a.servlets.AnuncioSvTest" time="0.464"/>
  <testcase name="givenValidParameters_whenDoGet_thenFilteredAnunciosForwarded" classname="ec.epn.edu.gr05_1bt3_622_24a.servlets.AnuncioSvTest" time="0.004"/>
</testsuite>